Started GET "/" for ::1 at 2020-10-08 16:36:51 -0700
DEPRECATION WARNING: ActiveRecord::Base.raise_in_transactional_callbacks= is deprecated, has no effect and will be removed without replacement. (called from block (3 levels) in <class:Railtie> at /Users/carlosgarciajr/.rbenv/versions/2.5.1/lib/ruby/gems/2.5.0/gems/activerecord-5.0.7.2/lib/active_record/railtie.rb:113)
Processing by StaticPagesController#index as HTML
  Rendering static_pages/index.html.erb within layouts/application
  Rendered shared/_main_nav.html.erb (0.3ms)
  Rendered shared/_masthead.html.erb (0.2ms)
  Rendered shared/_sections_nav.html.erb (0.2ms)
  Rendered shared/_search_modal.html.erb (0.2ms)
  Rendered shared/_main_content.html.erb (0.2ms)
  Rendered static_pages/index.html.erb within layouts/application (15.2ms)
Completed 200 OK in 362ms (Views: 358.9ms | ActiveRecord: 0.0ms)


Started GET "/assets/application.self-5e5b219656abf8c4e83f7dfd5e5f4f415d8fe2348d16620303a4ed96d1b5a144.css?body=1" for ::1 at 2020-10-08 16:36:52 -0700
Started GET "/" for ::1 at 2020-10-08 16:36:53 -0700
Processing by StaticPagesController#index as HTML
  Rendering static_pages/index.html.erb within layouts/application
  Rendered shared/_main_nav.html.erb (0.2ms)
  Rendered shared/_masthead.html.erb (0.2ms)
  Rendered shared/_sections_nav.html.erb (0.2ms)
  Rendered shared/_search_modal.html.erb (0.2ms)
  Rendered shared/_main_content.html.erb (0.1ms)
  Rendered static_pages/index.html.erb within layouts/application (13.2ms)
Completed 200 OK in 29ms (Views: 26.9ms | ActiveRecord: 0.0ms)


Started GET "/" for ::1 at 2020-10-08 16:37:17 -0700
Processing by StaticPagesController#index as HTML
  Rendering static_pages/index.html.erb within layouts/application
  Rendered shared/_main_nav.html.erb (0.2ms)
  Rendered shared/_masthead.html.erb (0.2ms)
  Rendered shared/_sections_nav.html.erb (0.2ms)
  Rendered shared/_search_modal.html.erb (0.2ms)
  Rendered shared/_main_content.html.erb (0.2ms)
  Rendered static_pages/index.html.erb within layouts/application (14.6ms)
Completed 200 OK in 35ms (Views: 31.8ms | ActiveRecord: 0.0ms)


Started GET "/" for ::1 at 2020-10-08 16:37:20 -0700
Processing by StaticPagesController#index as HTML
  Rendering static_pages/index.html.erb within layouts/application
  Rendered shared/_main_nav.html.erb (0.2ms)
  Rendered shared/_masthead.html.erb (0.2ms)
  Rendered shared/_sections_nav.html.erb (0.2ms)
  Rendered shared/_search_modal.html.erb (0.2ms)
  Rendered shared/_main_content.html.erb (0.2ms)
  Rendered static_pages/index.html.erb within layouts/application (12.8ms)
Completed 200 OK in 30ms (Views: 27.7ms | ActiveRecord: 0.0ms)


Started GET "/" for ::1 at 2020-10-09 09:59:50 -0700
DEPRECATION WARNING: ActiveRecord::Base.raise_in_transactional_callbacks= is deprecated, has no effect and will be removed without replacement. (called from block (3 levels) in <class:Railtie> at /Users/carlosgarciajr/.rbenv/versions/2.5.1/lib/ruby/gems/2.5.0/gems/activerecord-5.0.7.2/lib/active_record/railtie.rb:113)
Processing by StaticPagesController#index as HTML
  Rendering static_pages/index.html.erb within layouts/application
  Rendered shared/_main_nav.html.erb (0.3ms)
  Rendered shared/_masthead.html.erb (0.2ms)
  Rendered shared/_sections_nav.html.erb (0.2ms)
  Rendered shared/_search_modal.html.erb (0.2ms)
  Rendered shared/_main_content.html.erb (0.2ms)
  Rendered static_pages/index.html.erb within layouts/application (15.4ms)
Completed 200 OK in 353ms (Views: 350.1ms | ActiveRecord: 0.0ms)


Started GET "/assets/application.self-7aae4f884d21c0f895d0e25909b4a3857ca3f7bdd4412baf28bf32a8b1f558b1.css?body=1" for ::1 at 2020-10-09 09:59:51 -0700
Started GET "/" for ::1 at 2020-10-09 10:00:16 -0700
Processing by StaticPagesController#index as HTML
  Rendering static_pages/index.html.erb within layouts/application
  Rendered shared/_main_nav.html.erb (0.2ms)
  Rendered shared/_masthead.html.erb (0.2ms)
  Rendered shared/_sections_nav.html.erb (0.1ms)
  Rendered shared/_search_modal.html.erb (0.2ms)
  Rendered shared/_main_content.html.erb (0.4ms)
  Rendered static_pages/index.html.erb within layouts/application (12.9ms)
Completed 200 OK in 34ms (Views: 30.5ms | ActiveRecord: 0.0ms)


Started GET "/assets/new_office.jpg" for ::1 at 2020-10-09 10:00:16 -0700
Started GET "/" for ::1 at 2020-10-09 10:03:51 -0700
Processing by StaticPagesController#index as HTML
  Rendering static_pages/index.html.erb within layouts/application
  Rendered shared/_main_nav.html.erb (0.2ms)
  Rendered shared/_masthead.html.erb (0.2ms)
  Rendered shared/_sections_nav.html.erb (0.3ms)
  Rendered shared/_search_modal.html.erb (0.2ms)
  Rendered shared/_main_content.html.erb (0.3ms)
  Rendered static_pages/index.html.erb within layouts/application (13.1ms)
Completed 200 OK in 109ms (Views: 104.9ms | ActiveRecord: 0.0ms)


Started GET "/assets/application.self-e229079662ba64eec2df88cc9898f07a6b5005419aa37c928d3d684a6d58d3e4.css?body=1" for ::1 at 2020-10-09 10:03:51 -0700
Started GET "/assets/new_office.jpg" for ::1 at 2020-10-09 10:03:51 -0700
Started GET "/" for ::1 at 2020-10-12 13:48:14 -0700
DEPRECATION WARNING: ActiveRecord::Base.raise_in_transactional_callbacks= is deprecated, has no effect and will be removed without replacement. (called from block (3 levels) in <class:Railtie> at /Users/carlosgarciajr/.rbenv/versions/2.5.1/lib/ruby/gems/2.5.0/gems/activerecord-5.0.7.2/lib/active_record/railtie.rb:113)
Processing by StaticPagesController#index as HTML
  Rendering static_pages/index.html.erb within layouts/application
  Rendered shared/_main_nav.html.erb (0.2ms)
  Rendered shared/_masthead.html.erb (0.1ms)
  Rendered shared/_sections_nav.html.erb (0.1ms)
  Rendered shared/_search_modal.html.erb (0.2ms)
  Rendered shared/_main_content.html.erb (0.3ms)
  Rendered static_pages/index.html.erb within layouts/application (14.5ms)
Completed 500 Internal Server Error in 194ms (ActiveRecord: 0.0ms)



Sass::SyntaxError - File to import not found or unreadable: base/grid.scss.
Load paths:
  /Users/carlosgarciajr/Documents/programming/app_academy_work/curriculum/html-css/projects/aa_times/skeleton/app/assets/images
  /Users/carlosgarciajr/Documents/programming/app_academy_work/curriculum/html-css/projects/aa_times/skeleton/app/assets/javascripts
  /Users/carlosgarciajr/Documents/programming/app_academy_work/curriculum/html-css/projects/aa_times/skeleton/app/assets/stylesheets
  /Users/carlosgarciajr/Documents/programming/app_academy_work/curriculum/html-css/projects/aa_times/skeleton/vendor/assets/javascripts
  /Users/carlosgarciajr/Documents/programming/app_academy_work/curriculum/html-css/projects/aa_times/skeleton/vendor/assets/stylesheets
  /Users/carlosgarciajr/.rbenv/versions/2.5.1/lib/ruby/gems/2.5.0/gems/jquery-rails-4.4.0/vendor/assets/javascripts
  /Users/carlosgarciajr/.rbenv/versions/2.5.1/lib/ruby/gems/2.5.0/gems/coffee-rails-4.2.2/lib/assets/javascripts
  /Users/carlosgarciajr/.rbenv/versions/2.5.1/lib/ruby/gems/2.5.0/gems/actioncable-5.0.7.2/lib/assets/compiled:
  app/views/layouts/application.html.erb:7:in `_app_views_layouts_application_html_erb___270333905406359367_70279989431840'

Started POST "/__better_errors/927a171e4587d656/variables" for ::1 at 2020-10-12 13:48:14 -0700
Started GET "/" for ::1 at 2020-10-12 13:48:41 -0700
Processing by StaticPagesController#index as HTML
  Rendering static_pages/index.html.erb within layouts/application
  Rendered shared/_main_nav.html.erb (0.2ms)
  Rendered shared/_masthead.html.erb (0.1ms)
  Rendered shared/_sections_nav.html.erb (0.3ms)
  Rendered shared/_search_modal.html.erb (0.3ms)
  Rendered shared/_main_content.html.erb (0.2ms)
  Rendered static_pages/index.html.erb within layouts/application (12.8ms)
Completed 200 OK in 110ms (Views: 107.4ms | ActiveRecord: 0.0ms)


Started GET "/assets/application.self-1237ad35a9ee79bd64030d4638d1fd80f6734c490eb538e0dd01d7af3c16bf40.css?body=1" for ::1 at 2020-10-12 13:48:41 -0700
Started GET "/" for ::1 at 2020-10-12 13:48:43 -0700
Processing by StaticPagesController#index as HTML
  Rendering static_pages/index.html.erb within layouts/application
  Rendered shared/_main_nav.html.erb (0.2ms)
  Rendered shared/_masthead.html.erb (0.2ms)
  Rendered shared/_sections_nav.html.erb (0.2ms)
  Rendered shared/_search_modal.html.erb (0.2ms)
  Rendered shared/_main_content.html.erb (0.2ms)
  Rendered static_pages/index.html.erb within layouts/application (13.1ms)
Completed 200 OK in 33ms (Views: 29.9ms | ActiveRecord: 0.0ms)


Started GET "/" for ::1 at 2020-10-12 13:55:52 -0700
DEPRECATION WARNING: ActiveRecord::Base.raise_in_transactional_callbacks= is deprecated, has no effect and will be removed without replacement. (called from block (3 levels) in <class:Railtie> at /Users/carlosgarciajr/.rbenv/versions/2.5.1/lib/ruby/gems/2.5.0/gems/activerecord-5.0.7.2/lib/active_record/railtie.rb:113)
Processing by StaticPagesController#index as HTML
  Rendering static_pages/index.html.erb within layouts/application
  Rendered shared/_main_nav.html.erb (0.2ms)
  Rendered shared/_masthead.html.erb (0.1ms)
  Rendered shared/_sections_nav.html.erb (0.3ms)
  Rendered shared/_search_modal.html.erb (0.2ms)
  Rendered shared/_main_content.html.erb (0.3ms)
  Rendered static_pages/index.html.erb within layouts/application (14.6ms)
Completed 200 OK in 257ms (Views: 254.8ms | ActiveRecord: 0.0ms)


Started GET "/assets/application.self-758afe40c177e32f890a8b8e23f11571b5d1785af915c0789bd6a19191afc6ab.css?body=1" for ::1 at 2020-10-12 13:55:52 -0700
Started GET "/assets/new_office.jpg" for ::1 at 2020-10-12 13:55:52 -0700
Started GET "/" for ::1 at 2020-10-12 13:56:32 -0700
Processing by StaticPagesController#index as HTML
  Rendering static_pages/index.html.erb within layouts/application
  Rendered shared/_main_nav.html.erb (0.1ms)
  Rendered shared/_masthead.html.erb (0.2ms)
  Rendered shared/_sections_nav.html.erb (0.1ms)
  Rendered shared/_search_modal.html.erb (0.3ms)
  Rendered shared/_main_content.html.erb (0.3ms)
  Rendered static_pages/index.html.erb within layouts/application (12.3ms)
Completed 200 OK in 75ms (Views: 72.8ms | ActiveRecord: 0.0ms)


Started GET "/assets/application.self-e229079662ba64eec2df88cc9898f07a6b5005419aa37c928d3d684a6d58d3e4.css?body=1" for ::1 at 2020-10-12 13:56:32 -0700
Started GET "/assets/new_office.jpg" for ::1 at 2020-10-12 13:56:32 -0700
Started GET "/" for ::1 at 2020-10-12 13:56:33 -0700
Processing by StaticPagesController#index as HTML
  Rendering static_pages/index.html.erb within layouts/application
  Rendered shared/_main_nav.html.erb (0.2ms)
  Rendered shared/_masthead.html.erb (0.2ms)
  Rendered shared/_sections_nav.html.erb (0.2ms)
  Rendered shared/_search_modal.html.erb (0.2ms)
  Rendered shared/_main_content.html.erb (0.2ms)
  Rendered static_pages/index.html.erb within layouts/application (12.9ms)
Completed 200 OK in 34ms (Views: 31.3ms | ActiveRecord: 0.0ms)


Started GET "/assets/new_office.jpg" for ::1 at 2020-10-12 13:56:33 -0700
Started GET "/" for ::1 at 2020-10-12 13:57:15 -0700
Processing by StaticPagesController#index as HTML
  Rendering static_pages/index.html.erb within layouts/application
  Rendered shared/_main_nav.html.erb (0.2ms)
  Rendered shared/_masthead.html.erb (0.2ms)
  Rendered shared/_sections_nav.html.erb (0.2ms)
  Rendered shared/_search_modal.html.erb (0.2ms)
  Rendered shared/_main_content.html.erb (0.3ms)
  Rendered static_pages/index.html.erb within layouts/application (12.6ms)
Completed 200 OK in 92ms (Views: 88.2ms | ActiveRecord: 0.0ms)


Started GET "/assets/application.self-7aae4f884d21c0f895d0e25909b4a3857ca3f7bdd4412baf28bf32a8b1f558b1.css?body=1" for ::1 at 2020-10-12 13:57:15 -0700
Started GET "/assets/new_office.jpg" for ::1 at 2020-10-12 13:57:15 -0700
Started GET "/" for ::1 at 2021-11-18 13:06:26 -0700
DEPRECATION WARNING: ActiveRecord::Base.raise_in_transactional_callbacks= is deprecated, has no effect and will be removed without replacement. (called from block (3 levels) in <class:Railtie> at /Users/virginiaknight/.rbenv/versions/2.5.1/lib/ruby/gems/2.5.0/gems/activerecord-5.0.7.2/lib/active_record/railtie.rb:113)
Processing by StaticPagesController#index as HTML
  Rendering static_pages/index.html.erb within layouts/application
  Rendered shared/_main_nav.html.erb (0.2ms)
  Rendered shared/_masthead.html.erb (0.2ms)
  Rendered shared/_sections_nav.html.erb (0.2ms)
  Rendered shared/_search_modal.html.erb (0.2ms)
  Rendered shared/_main_content.html.erb (0.2ms)
  Rendered static_pages/index.html.erb within layouts/application (11.1ms)
Completed 200 OK in 409ms (Views: 406.2ms | ActiveRecord: 0.0ms)


Started GET "/assets/components/sidebar.self-2a1277f850a6fa21e1a974ef5152f177ac05516477d5081d593bb137b3d6808b.js?body=1" for ::1 at 2021-11-18 13:06:27 -0700
Started GET "/assets/jquery.self-bd7ddd393353a8d2480a622e80342adf488fb6006d667e8b42e4c0073393abee.js?body=1" for ::1 at 2021-11-18 13:06:27 -0700
Started GET "/assets/application.self-abb4707b047f2feb413ab4054a7fa99676486ebeca05a927a4ebbe962b0bb20a.css?body=1" for ::1 at 2021-11-18 13:06:27 -0700
Started GET "/assets/components/modal.self-52188644dbb47def5ee35ae02e69eb567ca9b664472357a8a5789dd39032a265.js?body=1" for ::1 at 2021-11-18 13:06:27 -0700
Started GET "/assets/jquery_ujs.self-784a997f6726036b1993eb2217c9cb558e1cbb801c6da88105588c56f13b466a.js?body=1" for ::1 at 2021-11-18 13:06:27 -0700
Started GET "/assets/application.self-f571b9db02bf4ed04c38a6a29072ac382f7d4f47db1fab9817aeadb0d8665235.js?body=1" for ::1 at 2021-11-18 13:06:27 -0700
Started GET "/assets/application.self-abb4707b047f2feb413ab4054a7fa99676486ebeca05a927a4ebbe962b0bb20a.css?body=1&livereload=1637266607240" for ::1 at 2021-11-18 13:16:47 -0700
Started GET "/assets/application.self-abb4707b047f2feb413ab4054a7fa99676486ebeca05a927a4ebbe962b0bb20a.css?body=1&livereload=1637266607239" for ::1 at 2021-11-18 13:16:47 -0700
Started GET "/assets/application.self-abb4707b047f2feb413ab4054a7fa99676486ebeca05a927a4ebbe962b0bb20a.css?body=1&livereload=1637266611062" for ::1 at 2021-11-18 13:16:51 -0700
Started GET "/assets/application.self-abb4707b047f2feb413ab4054a7fa99676486ebeca05a927a4ebbe962b0bb20a.css?body=1&livereload=1637266611063" for ::1 at 2021-11-18 13:16:51 -0700
Started GET "/assets/application.self-abb4707b047f2feb413ab4054a7fa99676486ebeca05a927a4ebbe962b0bb20a.css?body=1&livereload=1637266620436" for ::1 at 2021-11-18 13:17:00 -0700
Started GET "/assets/application.self-abb4707b047f2feb413ab4054a7fa99676486ebeca05a927a4ebbe962b0bb20a.css?body=1&livereload=1637266620438" for ::1 at 2021-11-18 13:17:00 -0700
Started GET "/assets/application.self-abb4707b047f2feb413ab4054a7fa99676486ebeca05a927a4ebbe962b0bb20a.css?body=1&livereload=1637266628522" for ::1 at 2021-11-18 13:17:08 -0700
Started GET "/assets/application.self-abb4707b047f2feb413ab4054a7fa99676486ebeca05a927a4ebbe962b0bb20a.css?body=1&livereload=1637266628523" for ::1 at 2021-11-18 13:17:08 -0700
Started GET "/assets/application.self-abb4707b047f2feb413ab4054a7fa99676486ebeca05a927a4ebbe962b0bb20a.css?body=1&livereload=1637266663253" for ::1 at 2021-11-18 13:17:43 -0700
Started GET "/assets/application.self-abb4707b047f2feb413ab4054a7fa99676486ebeca05a927a4ebbe962b0bb20a.css?body=1&livereload=1637266663254" for ::1 at 2021-11-18 13:17:43 -0700
Started GET "/assets/application.self-abb4707b047f2feb413ab4054a7fa99676486ebeca05a927a4ebbe962b0bb20a.css?body=1&livereload=1637266666234" for ::1 at 2021-11-18 13:17:46 -0700
Started GET "/assets/application.self-abb4707b047f2feb413ab4054a7fa99676486ebeca05a927a4ebbe962b0bb20a.css?body=1&livereload=1637266666235" for ::1 at 2021-11-18 13:17:46 -0700
Started GET "/assets/application.self-abb4707b047f2feb413ab4054a7fa99676486ebeca05a927a4ebbe962b0bb20a.css?body=1&livereload=1637266673321" for ::1 at 2021-11-18 13:17:53 -0700
Started GET "/assets/application.self-abb4707b047f2feb413ab4054a7fa99676486ebeca05a927a4ebbe962b0bb20a.css?body=1&livereload=1637266673322" for ::1 at 2021-11-18 13:17:53 -0700
Started GET "/assets/application.self-abb4707b047f2feb413ab4054a7fa99676486ebeca05a927a4ebbe962b0bb20a.css?body=1&livereload=1637266689921" for ::1 at 2021-11-18 13:18:09 -0700
Started GET "/assets/application.self-abb4707b047f2feb413ab4054a7fa99676486ebeca05a927a4ebbe962b0bb20a.css?body=1&livereload=1637266689922" for ::1 at 2021-11-18 13:18:09 -0700
Started GET "/assets/application.self-abb4707b047f2feb413ab4054a7fa99676486ebeca05a927a4ebbe962b0bb20a.css?body=1&livereload=1637266690571" for ::1 at 2021-11-18 13:18:10 -0700
Started GET "/assets/application.self-abb4707b047f2feb413ab4054a7fa99676486ebeca05a927a4ebbe962b0bb20a.css?body=1&livereload=1637266690572" for ::1 at 2021-11-18 13:18:10 -0700
Started GET "/assets/application.self-abb4707b047f2feb413ab4054a7fa99676486ebeca05a927a4ebbe962b0bb20a.css?body=1&livereload=1637266767882" for ::1 at 2021-11-18 13:19:27 -0700
Started GET "/assets/application.self-abb4707b047f2feb413ab4054a7fa99676486ebeca05a927a4ebbe962b0bb20a.css?body=1&livereload=1637266767883" for ::1 at 2021-11-18 13:19:27 -0700
Started GET "/assets/application.self-abb4707b047f2feb413ab4054a7fa99676486ebeca05a927a4ebbe962b0bb20a.css?body=1&livereload=1637266829339" for ::1 at 2021-11-18 13:20:29 -0700
Started GET "/assets/application.self-abb4707b047f2feb413ab4054a7fa99676486ebeca05a927a4ebbe962b0bb20a.css?body=1&livereload=1637266829338" for ::1 at 2021-11-18 13:20:29 -0700
Started GET "/assets/application.self-abb4707b047f2feb413ab4054a7fa99676486ebeca05a927a4ebbe962b0bb20a.css?body=1&livereload=1637267152184&livereload=1637267152184" for ::1 at 2021-11-18 13:25:52 -0700
Started GET "/assets/application.self-abb4707b047f2feb413ab4054a7fa99676486ebeca05a927a4ebbe962b0bb20a.css?body=1&livereload=1637267152184" for ::1 at 2021-11-18 13:25:52 -0700
Started GET "/assets/application.self-abb4707b047f2feb413ab4054a7fa99676486ebeca05a927a4ebbe962b0bb20a.css?body=1&livereload=1637267159276&livereload=1637267152184" for ::1 at 2021-11-18 13:25:59 -0700
Started GET "/assets/application.self-abb4707b047f2feb413ab4054a7fa99676486ebeca05a927a4ebbe962b0bb20a.css?body=1&livereload=1637267159278&livereload=1637267152184" for ::1 at 2021-11-18 13:25:59 -0700
Started GET "/assets/application.self-abb4707b047f2feb413ab4054a7fa99676486ebeca05a927a4ebbe962b0bb20a.css?body=1&livereload=1637267160023&livereload=1637267152184" for ::1 at 2021-11-18 13:26:00 -0700
Started GET "/assets/application.self-abb4707b047f2feb413ab4054a7fa99676486ebeca05a927a4ebbe962b0bb20a.css?body=1&livereload=1637267160024&livereload=1637267152184" for ::1 at 2021-11-18 13:26:00 -0700
Started GET "/assets/application.self-abb4707b047f2feb413ab4054a7fa99676486ebeca05a927a4ebbe962b0bb20a.css?body=1&livereload=1637267167183&livereload=1637267152184" for ::1 at 2021-11-18 13:26:07 -0700
Started GET "/assets/application.self-abb4707b047f2feb413ab4054a7fa99676486ebeca05a927a4ebbe962b0bb20a.css?body=1&livereload=1637267167184&livereload=1637267152184" for ::1 at 2021-11-18 13:26:07 -0700
Started GET "/assets/application.self-abb4707b047f2feb413ab4054a7fa99676486ebeca05a927a4ebbe962b0bb20a.css?body=1&livereload=1637267174828&livereload=1637267152184" for ::1 at 2021-11-18 13:26:14 -0700
Started GET "/assets/application.self-abb4707b047f2feb413ab4054a7fa99676486ebeca05a927a4ebbe962b0bb20a.css?body=1&livereload=1637267174829&livereload=1637267152184" for ::1 at 2021-11-18 13:26:14 -0700
Started GET "/assets/application.self-abb4707b047f2feb413ab4054a7fa99676486ebeca05a927a4ebbe962b0bb20a.css?body=1&livereload=1637267183851&livereload=1637267152184" for ::1 at 2021-11-18 13:26:23 -0700
Started GET "/assets/application.self-abb4707b047f2feb413ab4054a7fa99676486ebeca05a927a4ebbe962b0bb20a.css?body=1&livereload=1637267183852&livereload=1637267152184" for ::1 at 2021-11-18 13:26:23 -0700
Started GET "/" for ::1 at 2021-11-18 13:26:37 -0700
Processing by StaticPagesController#index as HTML
  Rendering static_pages/index.html.erb within layouts/application
  Rendered shared/_main_nav.html.erb (0.2ms)
  Rendered shared/_masthead.html.erb (0.3ms)
  Rendered shared/_sections_nav.html.erb (0.3ms)
  Rendered shared/_search_modal.html.erb (0.2ms)
  Rendered shared/_main_content.html.erb (0.2ms)
  Rendered static_pages/index.html.erb within layouts/application (10.0ms)
Completed 200 OK in 36ms (Views: 32.9ms | ActiveRecord: 0.0ms)


Started GET "/assets/application.self-866ff9b5ea4eba43135b5cf2d7a8d7328b87e09914b24ad14e8d85184de09456.css?body=1" for ::1 at 2021-11-18 13:26:37 -0700
Started GET "/" for ::1 at 2021-11-18 13:29:10 -0700
Processing by StaticPagesController#index as HTML
  Rendering static_pages/index.html.erb within layouts/application
  Rendered shared/_main_nav.html.erb (0.4ms)
  Rendered shared/_masthead.html.erb (0.3ms)
  Rendered shared/_sections_nav.html.erb (0.3ms)
  Rendered shared/_search_modal.html.erb (0.3ms)
  Rendered shared/_main_content.html.erb (0.3ms)
  Rendered static_pages/index.html.erb within layouts/application (14.2ms)
Completed 200 OK in 39ms (Views: 36.2ms | ActiveRecord: 0.0ms)


Started GET "/" for ::1 at 2021-11-18 13:29:45 -0700
Processing by StaticPagesController#index as HTML
  Rendering static_pages/index.html.erb within layouts/application
  Rendered shared/_main_nav.html.erb (0.3ms)
  Rendered shared/_masthead.html.erb (0.2ms)
  Rendered shared/_sections_nav.html.erb (0.3ms)
  Rendered shared/_search_modal.html.erb (0.2ms)
  Rendered shared/_main_content.html.erb (0.3ms)
  Rendered static_pages/index.html.erb within layouts/application (9.6ms)
Completed 200 OK in 27ms (Views: 25.6ms | ActiveRecord: 0.0ms)


